<?xml version="1.0" encoding="UTF-8"?>
<!-- Generated by org.testng.reporters.JUnitXMLReporter -->
<testsuite ignored="0" hostname="LAPTOP-VU9JH5KI" failures="0" tests="2" name="Test 1" time="5.137" errors="0" timestamp="2020-07-02T16:25:48 IST">
  <testcase classname="com.internetapp.tests.parallelExecution.TestNG_Parallel1" name="testMethod1" time="1.028"/>
  <testcase classname="com.internetapp.tests.parallelExecution.TestNG_Parallel1" name="testMethod2" time="4.008"/>
</testsuite> <!-- Test 1 -->
