<?xml version="1.0" encoding="UTF-8"?>
<!-- Generated by org.testng.reporters.JUnitXMLReporter -->
<testsuite ignored="0" hostname="LAPTOP-VU9JH5KI" failures="0" tests="2" name="Test 2" time="2.013" errors="0" timestamp="2020-07-02T16:25:50 IST">
  <testcase classname="com.internetapp.tests.parallelExecution.TestNG_Parallel3" name="testMethod1" time="1.002"/>
  <testcase classname="com.internetapp.tests.parallelExecution.TestNG_Parallel3" name="testMethod2" time="1.002"/>
</testsuite> <!-- Test 2 -->
