<?xml version="1.0" encoding="UTF-8"?>
<!-- Generated by org.testng.reporters.JUnitXMLReporter -->
<testsuite ignored="0" hostname="LAPTOP-VU9JH5KI" failures="1" tests="9" name="Testing" time="0.188" errors="0" timestamp="2020-07-01T16:58:00 IST">
  <testcase classname="com.internetapp.tests.Testing" name="add" time="0.012"/>
  <testcase classname="com.internetapp.tests.Testing" name="sub" time="0.006"/>
  <testcase classname="com.internetapp.tests.Testing" name="mul" time="0.003"/>
  <testcase classname="com.internetapp.tests.Testing" name="divInt" time="0.009"/>
  <testcase classname="com.internetapp.tests.Testing" name="divReal" time="0.005"/>
  <testcase classname="com.internetapp.tests.Testing" name="exp" time="0.003"/>
  <testcase classname="com.internetapp.tests.Testing" name="mod" time="0.006"/>
  <testcase classname="com.internetapp.tests.Testing" name="inverse" time="0.003">
    <failure type="org.testng.internal.reflect.MethodMatcherException" message="
[public static void com.internetapp.tests.Testing.inverse(int)] has no parameters defined but was found to be using a data provider (either explicitly specified or inherited from class level annotation).
Data provider mismatch
Method: inverse([Parameter{index=0, type=int, declaredAnnotations=[]}])
Arguments: [(java.lang.Integer) 1,(java.lang.Integer) 2]">
      <![CDATA[org.testng.internal.reflect.MethodMatcherException: 
[public static void com.internetapp.tests.Testing.inverse(int)] has no parameters defined but was found to be using a data provider (either explicitly specified or inherited from class level annotation).
Data provider mismatch
Method: inverse([Parameter{index=0, type=int, declaredAnnotations=[]}])
Arguments: [(java.lang.Integer) 1,(java.lang.Integer) 2]
at java.base/java.util.ArrayList.forEach(ArrayList.java:1540)
... Removed 22 stack frames]]>
    </failure>
  </testcase> <!-- inverse -->
  <testcase classname="com.internetapp.tests.Testing" name="negate" time="0.003"/>
</testsuite> <!-- Testing -->
