<?xml version="1.0" encoding="UTF-8"?>
<!-- Generated by org.testng.reporters.JUnitXMLReporter -->
<testsuite ignored="0" hostname="LAPTOP-VU9JH5KI" failures="0" tests="10" name="Parallel Classes Scenarios" time="2.118" errors="0" timestamp="2020-07-02T23:50:08 IST">
  <testcase classname="com.internetapp.tests.parallelExecution.ParallelClassesExample2" name="testCase5" time="0.055"/>
  <testcase classname="com.internetapp.tests.parallelExecution.ParallelClassesExample1" name="testCase1" time="0.053"/>
  <testcase classname="com.internetapp.tests.parallelExecution.ParallelClassesExample2" name="testCase6" time="0.004"/>
  <testcase classname="com.internetapp.tests.parallelExecution.ParallelClassesExample2" name="testCase7" time="0.002"/>
  <testcase classname="com.internetapp.tests.parallelExecution.ParallelClassesExample2" name="testCase8" time="0.003"/>
  <testcase classname="com.internetapp.tests.parallelExecution.ParallelClassesExample1" name="testCase2" time="0.004"/>
  <testcase classname="com.internetapp.tests.parallelExecution.ParallelClassesExample1" name="testCase3" time="0.003"/>
  <testcase classname="com.internetapp.tests.parallelExecution.ParallelClassesExample1" name="testCase4" time="0.003"/>
  <testcase classname="com.internetapp.tests.parallelExecution.TestNG_Parallel3" name="testMethod1" time="1.014"/>
  <testcase classname="com.internetapp.tests.parallelExecution.TestNG_Parallel3" name="testMethod2" time="1.001"/>
</testsuite> <!-- Parallel Classes Scenarios -->
