<?xml version="1.0" encoding="UTF-8"?>
<!-- Generated by org.testng.reporters.JUnitXMLReporter -->
<testsuite ignored="0" hostname="LAPTOP-VU9JH5KI" failures="0" tests="4" name="GroupsDemo" time="0.126" errors="0" timestamp="2020-07-01T23:59:51 IST">
  <testcase classname="com.internetapp.tests.groups.TestNG_Grouping2" name="testAudiA6" time="0.008"/>
  <testcase classname="com.internetapp.tests.groups.TestNG_Grouping2" name="testBMWX6" time="0.002"/>
  <testcase classname="com.internetapp.tests.groups.TestNG_Grouping2" name="testHondaCBR" time="0.004"/>
  <testcase classname="com.internetapp.tests.groups.TestNG_Grouping2" name="testNinja" time="0.004"/>
</testsuite> <!-- GroupsDemo -->
