<?xml version="1.0" encoding="UTF-8"?>
<testng-results ignored="0" total="10" passed="10" failed="0" skipped="0">
  <reporter-output>
  </reporter-output>
  <suite started-at="2020-07-02T23:50:05 IST" name="Paralle Classes Test Suite" finished-at="2020-07-02T23:50:08 IST" duration-ms="2118">
    <groups>
    </groups>
    <test started-at="2020-07-02T23:50:05 IST" name="Parallel Classes Scenarios" finished-at="2020-07-02T23:50:08 IST" duration-ms="2118">
      <class name="com.internetapp.tests.parallelExecution.ParallelClassesExample1">
        <test-method signature="testCase1()[pri:0, instance:com.internetapp.tests.parallelExecution.ParallelClassesExample1@635eaaf1]" started-at="2020-07-02T23:50:05 IST" name="testCase1" finished-at="2020-07-02T23:50:06 IST" duration-ms="53" status="PASS">
          <reporter-output>
          </reporter-output>
        </test-method> <!-- testCase1 -->
        <test-method signature="testCase2()[pri:0, instance:com.internetapp.tests.parallelExecution.ParallelClassesExample1@635eaaf1]" started-at="2020-07-02T23:50:06 IST" name="testCase2" finished-at="2020-07-02T23:50:06 IST" duration-ms="4" status="PASS">
          <reporter-output>
          </reporter-output>
        </test-method> <!-- testCase2 -->
        <test-method signature="testCase3()[pri:0, instance:com.internetapp.tests.parallelExecution.ParallelClassesExample1@635eaaf1]" started-at="2020-07-02T23:50:06 IST" name="testCase3" finished-at="2020-07-02T23:50:06 IST" duration-ms="3" status="PASS">
          <reporter-output>
          </reporter-output>
        </test-method> <!-- testCase3 -->
        <test-method signature="testCase4()[pri:0, instance:com.internetapp.tests.parallelExecution.ParallelClassesExample1@635eaaf1]" started-at="2020-07-02T23:50:06 IST" name="testCase4" finished-at="2020-07-02T23:50:06 IST" duration-ms="3" status="PASS">
          <reporter-output>
          </reporter-output>
        </test-method> <!-- testCase4 -->
      </class> <!-- com.internetapp.tests.parallelExecution.ParallelClassesExample1 -->
      <class name="com.internetapp.tests.parallelExecution.TestNG_Parallel3">
        <test-method signature="testMethod1()[pri:0, instance:com.internetapp.tests.parallelExecution.TestNG_Parallel3@1ddf84b8]" started-at="2020-07-02T23:50:05 IST" name="testMethod1" finished-at="2020-07-02T23:50:06 IST" duration-ms="1014" status="PASS">
          <reporter-output>
          </reporter-output>
        </test-method> <!-- testMethod1 -->
        <test-method signature="testMethod2()[pri:0, instance:com.internetapp.tests.parallelExecution.TestNG_Parallel3@1ddf84b8]" started-at="2020-07-02T23:50:06 IST" name="testMethod2" finished-at="2020-07-02T23:50:07 IST" duration-ms="1001" status="PASS">
          <reporter-output>
          </reporter-output>
        </test-method> <!-- testMethod2 -->
      </class> <!-- com.internetapp.tests.parallelExecution.TestNG_Parallel3 -->
      <class name="com.internetapp.tests.parallelExecution.ParallelClassesExample2">
        <test-method signature="testCase5()[pri:0, instance:com.internetapp.tests.parallelExecution.ParallelClassesExample2@5c30a9b0]" started-at="2020-07-02T23:50:05 IST" name="testCase5" finished-at="2020-07-02T23:50:06 IST" duration-ms="55" status="PASS">
          <reporter-output>
          </reporter-output>
        </test-method> <!-- testCase5 -->
        <test-method signature="testCase6()[pri:0, instance:com.internetapp.tests.parallelExecution.ParallelClassesExample2@5c30a9b0]" started-at="2020-07-02T23:50:06 IST" name="testCase6" finished-at="2020-07-02T23:50:06 IST" duration-ms="4" status="PASS">
          <reporter-output>
          </reporter-output>
        </test-method> <!-- testCase6 -->
        <test-method signature="testCase7()[pri:0, instance:com.internetapp.tests.parallelExecution.ParallelClassesExample2@5c30a9b0]" started-at="2020-07-02T23:50:06 IST" name="testCase7" finished-at="2020-07-02T23:50:06 IST" duration-ms="2" status="PASS">
          <reporter-output>
          </reporter-output>
        </test-method> <!-- testCase7 -->
        <test-method signature="testCase8()[pri:0, instance:com.internetapp.tests.parallelExecution.ParallelClassesExample2@5c30a9b0]" started-at="2020-07-02T23:50:06 IST" name="testCase8" finished-at="2020-07-02T23:50:06 IST" duration-ms="3" status="PASS">
          <reporter-output>
          </reporter-output>
        </test-method> <!-- testCase8 -->
      </class> <!-- com.internetapp.tests.parallelExecution.ParallelClassesExample2 -->
    </test> <!-- Parallel Classes Scenarios -->
  </suite> <!-- Paralle Classes Test Suite -->
</testng-results>
